#
# A fatal error has been detected by the Java Runtime Environment:
#
#  EXCEPTION_ACCESS_VIOLATION (0xc0000005) at pc=0x000000000403dfc3, pid=5464, tid=4036
#
# JRE version: Java(TM) SE Runtime Environment (8.0_45-b14) (build 1.8.0_45-b14)
# Java VM: Java HotSpot(TM) 64-Bit Server VM (25.45-b02 mixed mode windows-amd64 compressed oops)
# Problematic frame:
# J 9088 C1 org.netbeans.modules.cnd.modelimpl.repository.OffsetableDeclarationKey$USING_DECLARATION.getHandler()S (3 bytes) @ 0x000000000403dfc3 [0x000000000403dfa0+0x23]
#
# Failed to write core dump. Minidumps are not enabled by default on client versions of Windows
#
# If you would like to submit a bug report, please visit:
#   http://bugreport.java.com/bugreport/crash.jsp
#

---------------  T H R E A D  ---------------

Current thread (0x0000000029c9b800):  JavaThread "SemanticHighlighter worker" daemon [_thread_in_Java, id=4036, stack(0x00000000283c0000,0x00000000285c0000)]

siginfo: ExceptionCode=0xc0000005, reading address 0x00000003009977e4

Registers:
RAX=0x0000000100afc480, RBX=0x0000000025184828, RCX=0x0000000100afc480, RDX=0x00000000d5f8e928
RSP=0x00000000285be218, RBP=0x0000000000000025, RSI=0x0000000100011300, RDI=0x00000000000186a8
R8 =0x000000000000003a, R9 =0x00000000d5f8e928, R10=0x0000000000000905, R11=0x0000000000000913
R12=0x000000000000006b, R13=0x00000000d4bbd098, R14=0x00000000d4c6a238, R15=0x0000000029c9b800
RIP=0x000000000403dfc3, EFLAGS=0x0000000000010212

Top of Stack: (sp=0x00000000285be218)
0x00000000285be218:   000000000733b010 0000000000000000
0x00000000285be228:   00000000d5f8e928 0000000000000025
0x00000000285be238:   00000000d69abc38 0000007800000025
0x00000000285be248:   00000000d69a6aa0 0000000000000000
0x00000000285be258:   00000000043b1c38 0000007500000007
0x00000000285be268:   00000000d5f8edd0 00000000d5f8e908
0x00000000285be278:   0000000002aec1e8 00000000000000b5
0x00000000285be288:   00000000053904b7 00000000d5f8e908
0x00000000285be298:   0000000004fd6c00 d5f8e90875aabf51
0x00000000285be2a8:   00000000d69abc38 0000000100afc480
0x00000000285be2b8:   00000001d4c6a238 00000000d69abc38
0x00000000285be2c8:   00000000f7e2b620 00000000d4c6a238
0x00000000285be2d8:   0000000000000000 00000000f7e2b650
0x00000000285be2e8:   00000000f7e2b680 00000000d4c67c38
0x00000000285be2f8:   00000001000016d0 00000000d69abc08
0x00000000285be308:   00000001007bf6b0 00000000d4bbd098 

Instructions: (pc=0x000000000403dfc3)
0x000000000403dfa3:   08 49 c1 e2 03 4c 3b d0 0f 85 af 7f 74 fe 0f 1f
0x000000000403dfb3:   84 00 00 00 00 00 0f 1f 80 00 00 00 00 89 84 24
0x000000000403dfc3:   00 a0 ff ff 55 48 83 ec 30 b8 25 00 00 00 48 83
0x000000000403dfd3:   c4 30 5d 85 05 24 21 34 fc c3 90 90 49 8b 87 a8 


Register to memory mapping:

RAX=0x0000000100afc480 is pointing into metadata
RBX={method} {0x0000000025184830} 'getHandler' '()S' in 'org/netbeans/modules/cnd/modelimpl/repository/OffsetableDeclarationKey$USING_DECLARATION'
RCX=0x0000000100afc480 is pointing into metadata
RDX=0x00000000d5f8e928 is an oop
org.netbeans.modules.cnd.modelimpl.repository.OffsetableDeclarationKey$USING_DECLARATION 
 - klass: 'org/netbeans/modules/cnd/modelimpl/repository/OffsetableDeclarationKey$USING_DECLARATION'
RSP=0x00000000285be218 is pointing into the stack for thread: 0x0000000029c9b800
RBP=0x0000000000000025 is an unknown value
RSI=0x0000000100011300 is pointing into metadata
RDI=0x00000000000186a8 is an unknown value
R8 =0x000000000000003a is an unknown value
R9 =0x00000000d5f8e928 is an oop
org.netbeans.modules.cnd.modelimpl.repository.OffsetableDeclarationKey$USING_DECLARATION 
 - klass: 'org/netbeans/modules/cnd/modelimpl/repository/OffsetableDeclarationKey$USING_DECLARATION'
R10=0x0000000000000905 is an unknown value
R11=0x0000000000000913 is an unknown value
R12=0x000000000000006b is an unknown value
R13=0x00000000d4bbd098 is an oop
org.netbeans.modules.cnd.repository.RepositoryImpl 
 - klass: 'org/netbeans/modules/cnd/repository/RepositoryImpl'
R14=0x00000000d4c6a238 is an oop
org.netbeans.modules.cnd.repository.RepositoryCache$Slice 
 - klass: 'org/netbeans/modules/cnd/repository/RepositoryCache$Slice'
R15=0x0000000029c9b800 is a thread


Stack: [0x00000000283c0000,0x00000000285c0000],  sp=0x00000000285be218,  free space=2040k
Native frames: (J=compiled Java code, j=interpreted, Vv=VM code, C=native code)
C  0x000000000403dfc3


---------------  P R O C E S S  ---------------

Java Threads: ( => current thread )
  0x0000000029c9d000 JavaThread "Inactive RequestProcessor thread [Was:org.netbeans.editor.GlyphGutter/org.netbeans.editor.GlyphGutter$8]" daemon [_thread_blocked, id=6972, stack(0x000000002a4f0000,0x000000002a6f0000)]
  0x0000000029ca0000 JavaThread "Inactive RequestProcessor thread [Was:org.netbeans.modules.editor.errorstripe.AnnotationView/org.netbeans.modules.editor.errorstripe.AnnotationView$RepaintTask]" daemon [_thread_blocked, id=5480, stack(0x0000000028ae0000,0x0000000028ce0000)]
=>0x0000000029c9b800 JavaThread "SemanticHighlighter worker" daemon [_thread_in_Java, id=4036, stack(0x00000000283c0000,0x00000000285c0000)]
  0x0000000029c9c000 JavaThread "Inactive RequestProcessor thread [Was:HintsController worker/org.netbeans.spi.editor.hints.HintsController$1]" daemon [_thread_blocked, id=6764, stack(0x0000000027fc0000,0x00000000281c0000)]
  0x0000000029c97000 JavaThread "Inactive RequestProcessor thread [Was:Git.cache/org.netbeans.modules.git.FileStatusCache$IgnoredFilesHandler]" daemon [_thread_blocked, id=5956, stack(0x00000000277c0000,0x00000000279c0000)]
  0x0000000029c93000 JavaThread "Inactive RequestProcessor thread [Was:VersioningAnnotator.annotationRefresh/org.netbeans.modules.versioning.core.VersioningAnnotationProvider$Cache$AnnotationRefreshTask]" daemon [_thread_blocked, id=4168, stack(0x00000000256e0000,0x00000000258e0000)]
  0x0000000029c94800 JavaThread "Inactive RequestProcessor thread [Was:OpenIDE-request-processor-1/org.netbeans.core.startup.preferences.NbPreferences$1]" daemon [_thread_blocked, id=1924, stack(0x0000000023c00000,0x0000000023e00000)]
  0x0000000026099800 JavaThread "Inactive RequestProcessor thread [Was:org.netbeans.modules.navigator.NavigatorController/org.netbeans.modules.navigator.NavigatorController$1]" daemon [_thread_blocked, id=3952, stack(0x000000001eaf0000,0x000000001ecf0000)]
  0x000000002609c800 JavaThread "Inactive RequestProcessor thread [Was:TimedSoftReference/org.openide.util.TimedSoftReference]" daemon [_thread_blocked, id=6788, stack(0x000000001dcd0000,0x000000001ded0000)]
  0x0000000026099000 JavaThread "Inactive RequestProcessor thread [Was:System clipboard synchronizer/org.netbeans.NbClipboard$GetContents]" daemon [_thread_blocked, id=3188, stack(0x0000000018e80000,0x0000000019080000)]
  0x000000002609a800 JavaThread "Inactive RequestProcessor thread [Was:EditorBracesMatching/org.netbeans.modules.editor.bracesmatching.MasterMatcher$Result]" daemon [_thread_blocked, id=5636, stack(0x00000000189e0000,0x0000000018be0000)]
  0x0000000026095000 JavaThread "Inactive RequestProcessor thread [Was:HintsController worker/org.netbeans.spi.editor.hints.HintsController$1]" daemon [_thread_blocked, id=5704, stack(0x00000000185a0000,0x00000000187a0000)]
  0x0000000029c94000 JavaThread "Inactive RequestProcessor thread [Was:EditorBracesMatching/org.netbeans.modules.editor.bracesmatching.MasterMatcher$Result]" daemon [_thread_blocked, id=1012, stack(0x000000001e4f0000,0x000000001e6f0000)]
  0x0000000016980800 JavaThread "NATIVEEXECUTOR: Waiting for localhost /cygdrive/C/cygwin/bin/bash.exe "-s"" daemon [_thread_in_native, id=4792, stack(0x00000000281c0000,0x00000000283c0000)]
  0x000000001b3e7800 JavaThread "pool-3-thread-1" [_thread_blocked, id=7152, stack(0x0000000029020000,0x0000000029220000)]
  0x000000001b3e4000 JavaThread "Swing-Shell" daemon [_thread_blocked, id=6596, stack(0x0000000023600000,0x0000000023800000)]
  0x000000001ca1c000 JavaThread "Class View Updater" [_thread_blocked, id=6312, stack(0x0000000024000000,0x0000000024200000)]
  0x000000001ca14800 JavaThread "Editor Parsing Loop (201411181905)" daemon [_thread_blocked, id=6660, stack(0x0000000021430000,0x0000000021630000)]
  0x0000000016982000 JavaThread "TimerQueue" daemon [_thread_blocked, id=1304, stack(0x0000000020040000,0x0000000020240000)]
  0x000000001697c800 JavaThread "Worker-JM" [_thread_blocked, id=5128, stack(0x000000001fa60000,0x000000001fc60000)]
  0x000000001697f800 JavaThread "Framework Event Dispatcher" daemon [_thread_blocked, id=5468, stack(0x000000001f860000,0x000000001fa60000)]
  0x000000001697e000 JavaThread "Deadlock Detector" [_thread_blocked, id=6452, stack(0x000000001f2f0000,0x000000001f4f0000)]
  0x000000001697f000 JavaThread "Thread-3" daemon [_thread_blocked, id=5684, stack(0x000000001f0f0000,0x000000001f2f0000)]
  0x000000001697d800 JavaThread "W32 File Monitor" daemon [_thread_in_native, id=1564, stack(0x000000001eef0000,0x000000001f0f0000)]
  0x000000001b3e7000 JavaThread "File Watcher" daemon [_thread_blocked, id=2068, stack(0x000000001a0f0000,0x000000001a2f0000)]
  0x000000001b3e5800 JavaThread "Code Model Parser 0" daemon [_thread_blocked, id=2340, stack(0x000000001e6f0000,0x000000001e8f0000)]
  0x000000001b3e4800 JavaThread "Repository Writing Thread" daemon [_thread_blocked, id=6160, stack(0x000000001e0f0000,0x000000001e2f0000)]
  0x000000001b3e1000 JavaThread "State Data Manager" daemon [_thread_blocked, id=4296, stack(0x000000001c800000,0x000000001ca00000)]
  0x000000001b1b4000 JavaThread "Framework Active Thread" [_thread_blocked, id=5076, stack(0x000000001c400000,0x000000001c600000)]
  0x000000001656a000 JavaThread "AWT-EventQueue-0" [_thread_blocked, id=4064, stack(0x000000001a650000,0x000000001a850000)]
  0x00000000164a5000 JavaThread "AWT-Windows" daemon [_thread_in_native, id=4552, stack(0x0000000019cf0000,0x0000000019ef0000)]
  0x00000000164a4800 JavaThread "AWT-Shutdown" [_thread_blocked, id=7148, stack(0x0000000019af0000,0x0000000019cf0000)]
  0x0000000016471800 JavaThread "Java2D Disposer" daemon [_thread_blocked, id=3356, stack(0x00000000198f0000,0x0000000019af0000)]
  0x0000000016231000 JavaThread "RequestProcessor queue manager" daemon [_thread_blocked, id=5604, stack(0x0000000019280000,0x0000000019480000)]
  0x00000000162ba800 JavaThread "CLI Requests Server" daemon [_thread_in_native, id=1560, stack(0x0000000018c80000,0x0000000018e80000)]
  0x0000000016130000 JavaThread "Active Reference Queue Daemon" daemon [_thread_blocked, id=4368, stack(0x0000000016a00000,0x0000000016c00000)]
  0x000000001421d800 JavaThread "Service Thread" daemon [_thread_blocked, id=4860, stack(0x0000000015a00000,0x0000000015c00000)]
  0x00000000141fe000 JavaThread "C1 CompilerThread1" daemon [_thread_blocked, id=5104, stack(0x0000000015800000,0x0000000015a00000)]
  0x00000000141ac000 JavaThread "C2 CompilerThread0" daemon [_thread_blocked, id=4608, stack(0x0000000015600000,0x0000000015800000)]
  0x00000000141ab000 JavaThread "Attach Listener" daemon [_thread_blocked, id=3276, stack(0x0000000015400000,0x0000000015600000)]
  0x00000000141a7800 JavaThread "Signal Dispatcher" daemon [_thread_blocked, id=1604, stack(0x0000000015200000,0x0000000015400000)]
  0x0000000000675000 JavaThread "Finalizer" daemon [_thread_blocked, id=4248, stack(0x0000000015000000,0x0000000015200000)]
  0x000000000066d000 JavaThread "Reference Handler" daemon [_thread_blocked, id=4184, stack(0x0000000014e00000,0x0000000015000000)]
  0x0000000000583800 JavaThread "main" [_thread_blocked, id=6516, stack(0x0000000000040000,0x0000000000240000)]

Other Threads:
  0x0000000014176800 VMThread [stack: 0x0000000014c00000,0x0000000014e00000] [id=5876]
  0x0000000014220800 WatcherThread [stack: 0x0000000015c00000,0x0000000015e00000] [id=6676]

VM state:not at safepoint (normal execution)

VM Mutex/Monitor currently owned by a thread: None

Heap:
 PSYoungGen      total 228864K, used 129833K [0x00000000f0c00000, 0x00000000ffd00000, 0x0000000100000000)
  eden space 210944K, 55% used [0x00000000f0c00000,0x00000000f7e3bc80,0x00000000fda00000)
  from space 17920K, 71% used [0x00000000feb80000,0x00000000ff80e980,0x00000000ffd00000)
  to   space 17920K, 0% used [0x00000000fda00000,0x00000000fda00000,0x00000000feb80000)
 ParOldGen       total 110592K, used 102245K [0x00000000d2400000, 0x00000000d9000000, 0x00000000f0c00000)
  object space 110592K, 92% used [0x00000000d2400000,0x00000000d87d9568,0x00000000d9000000)
 Metaspace       used 114972K, capacity 128106K, committed 128280K, reserved 1161216K
  class space    used 13663K, capacity 17386K, committed 17432K, reserved 1048576K

Card table byte_map: [0x00000000025c0000,0x0000000002730000] byte_map_base: 0x0000000001f2e000

Marking Bits: (ParMarkBitMap*) 0x0000000069244040
 Begin Bits: [0x0000000012000000, 0x0000000012b70000)
 End Bits:   [0x0000000012b70000, 0x00000000136e0000)

Polling page: 0x0000000000380000

CodeCache: size=245760Kb used=99603Kb max_used=99623Kb free=146156Kb
 bounds [0x0000000002740000, 0x0000000008960000, 0x0000000011740000]
 total_blobs=25515 nmethods=24683 adapters=739
 compilation: enabled

Compilation events (10 events):
Event: 7155.746 Thread 0x00000000141fe000 nmethod 35053 0x0000000008949850 code [0x0000000008949f80, 0x000000000894eb18]
Event: 7159.463 Thread 0x00000000141ac000 35054       4       org.netbeans.modules.cnd.makeproject.api.configurations.MakeConfiguration::isQmakeConfiguration (36 bytes)
Event: 7159.468 Thread 0x00000000141ac000 nmethod 35054 0x0000000008929f10 code [0x000000000892a060, 0x000000000892a1c8]
Event: 7159.647 Thread 0x00000000141ac000 35055       4       org.netbeans.modules.cnd.completion.csm.CompletionResolverImpl::needGlobalEnumerators (23 bytes)
Event: 7159.649 Thread 0x00000000141ac000 nmethod 35055 0x0000000004721090 code [0x00000000047211c0, 0x0000000004721238]
Event: 7159.660 Thread 0x00000000141ac000 35056       4       org.netbeans.modules.cnd.completion.csm.CompletionResolverImpl::needGlobalFunctions (21 bytes)
Event: 7159.662 Thread 0x00000000141ac000 nmethod 35056 0x0000000004792dd0 code [0x0000000004792f00, 0x0000000004792f78]
Event: 7159.662 Thread 0x00000000141ac000 35057       4       org.netbeans.modules.cnd.completion.cplusplus.ext.CsmCompletionExpression::getOperatorID (47 bytes)
Event: 7159.666 Thread 0x00000000141ac000 nmethod 35057 0x00000000041e6150 code [0x00000000041e62a0, 0x00000000041e6358]
Event: 7159.685 Thread 0x00000000141ac000 35058   !   4       org.netbeans.lib.lexer.TokenHierarchyOperation::embeddedTokenSequences (159 bytes)

GC Heap History (10 events):
Event: 6875.150 GC heap before
{Heap before GC invocations=122 (full 4):
 PSYoungGen      total 227840K, used 215884K [0x00000000f0c00000, 0x0000000100000000, 0x0000000100000000)
  eden space 206848K, 100% used [0x00000000f0c00000,0x00000000fd600000,0x00000000fd600000)
  from space 20992K, 43% used [0x00000000fd600000,0x00000000fded3148,0x00000000fea80000)
  to   space 20992K, 0% used [0x00000000feb80000,0x00000000feb80000,0x0000000100000000)
 ParOldGen       total 110592K, used 100589K [0x00000000d2400000, 0x00000000d9000000, 0x00000000f0c00000)
  object space 110592K, 90% used [0x00000000d2400000,0x00000000d863b548,0x00000000d9000000)
 Metaspace       used 114469K, capacity 127574K, committed 127768K, reserved 1159168K
  class space    used 13633K, capacity 17357K, committed 17432K, reserved 1048576K
Event: 6875.194 GC heap after
Heap after GC invocations=122 (full 4):
 PSYoungGen      total 227840K, used 12746K [0x00000000f0c00000, 0x00000000fff00000, 0x0000000100000000)
  eden space 207872K, 0% used [0x00000000f0c00000,0x00000000f0c00000,0x00000000fd700000)
  from space 19968K, 63% used [0x00000000feb80000,0x00000000ff7f2a08,0x00000000fff00000)
  to   space 20480K, 0% used [0x00000000fd700000,0x00000000fd700000,0x00000000feb00000)
 ParOldGen       total 110592K, used 100645K [0x00000000d2400000, 0x00000000d9000000, 0x00000000f0c00000)
  object space 110592K, 91% used [0x00000000d2400000,0x00000000d8649548,0x00000000d9000000)
 Metaspace       used 114469K, capacity 127574K, committed 127768K, reserved 1159168K
  class space    used 13633K, capacity 17357K, committed 17432K, reserved 1048576K
}
Event: 6924.672 GC heap before
{Heap before GC invocations=123 (full 4):
 PSYoungGen      total 227840K, used 220618K [0x00000000f0c00000, 0x00000000fff00000, 0x0000000100000000)
  eden space 207872K, 100% used [0x00000000f0c00000,0x00000000fd700000,0x00000000fd700000)
  from space 19968K, 63% used [0x00000000feb80000,0x00000000ff7f2a08,0x00000000fff00000)
  to   space 20480K, 0% used [0x00000000fd700000,0x00000000fd700000,0x00000000feb00000)
 ParOldGen       total 110592K, used 100645K [0x00000000d2400000, 0x00000000d9000000, 0x00000000f0c00000)
  object space 110592K, 91% used [0x00000000d2400000,0x00000000d8649548,0x00000000d9000000)
 Metaspace       used 114577K, capacity 127742K, committed 128024K, reserved 1159168K
  class space    used 13637K, capacity 17365K, committed 17432K, reserved 1048576K
Event: 6924.722 GC heap after
Heap after GC invocations=123 (full 4):
 PSYoungGen      total 228352K, used 11341K [0x00000000f0c00000, 0x00000000ffe80000, 0x0000000100000000)
  eden space 207872K, 0% used [0x00000000f0c00000,0x00000000f0c00000,0x00000000fd700000)
  from space 20480K, 55% used [0x00000000fd700000,0x00000000fe213788,0x00000000feb00000)
  to   space 19456K, 0% used [0x00000000feb80000,0x00000000feb80000,0x00000000ffe80000)
 ParOldGen       total 110592K, used 101197K [0x00000000d2400000, 0x00000000d9000000, 0x00000000f0c00000)
  object space 110592K, 91% used [0x00000000d2400000,0x00000000d86d3548,0x00000000d9000000)
 Metaspace       used 114577K, capacity 127742K, committed 128024K, reserved 1159168K
  class space    used 13637K, capacity 17365K, committed 17432K, reserved 1048576K
}
Event: 6980.364 GC heap before
{Heap before GC invocations=124 (full 4):
 PSYoungGen      total 228352K, used 219213K [0x00000000f0c00000, 0x00000000ffe80000, 0x0000000100000000)
  eden space 207872K, 100% used [0x00000000f0c00000,0x00000000fd700000,0x00000000fd700000)
  from space 20480K, 55% used [0x00000000fd700000,0x00000000fe213788,0x00000000feb00000)
  to   space 19456K, 0% used [0x00000000feb80000,0x00000000feb80000,0x00000000ffe80000)
 ParOldGen       total 110592K, used 101197K [0x00000000d2400000, 0x00000000d9000000, 0x00000000f0c00000)
  object space 110592K, 91% used [0x00000000d2400000,0x00000000d86d3548,0x00000000d9000000)
 Metaspace       used 114597K, capacity 127752K, committed 128024K, reserved 1159168K
  class space    used 13638K, capacity 17367K, committed 17432K, reserved 1048576K
Event: 6980.412 GC heap after
Heap after GC invocations=124 (full 4):
 PSYoungGen      total 227840K, used 11020K [0x00000000f0c00000, 0x00000000ffd80000, 0x0000000100000000)
  eden space 209408K, 0% used [0x00000000f0c00000,0x00000000f0c00000,0x00000000fd880000)
  from space 18432K, 59% used [0x00000000feb80000,0x00000000ff643148,0x00000000ffd80000)
  to   space 18944K, 0% used [0x00000000fd880000,0x00000000fd880000,0x00000000feb00000)
 ParOldGen       total 110592K, used 101629K [0x00000000d2400000, 0x00000000d9000000, 0x00000000f0c00000)
  object space 110592K, 91% used [0x00000000d2400000,0x00000000d873f568,0x00000000d9000000)
 Metaspace       used 114597K, capacity 127752K, committed 128024K, reserved 1159168K
  class space    used 13638K, capacity 17367K, committed 17432K, reserved 1048576K
}
Event: 7108.716 GC heap before
{Heap before GC invocations=125 (full 4):
 PSYoungGen      total 227840K, used 220428K [0x00000000f0c00000, 0x00000000ffd80000, 0x0000000100000000)
  eden space 209408K, 100% used [0x00000000f0c00000,0x00000000fd880000,0x00000000fd880000)
  from space 18432K, 59% used [0x00000000feb80000,0x00000000ff643148,0x00000000ffd80000)
  to   space 18944K, 0% used [0x00000000fd880000,0x00000000fd880000,0x00000000feb00000)
 ParOldGen       total 110592K, used 101629K [0x00000000d2400000, 0x00000000d9000000, 0x00000000f0c00000)
  object space 110592K, 91% used [0x00000000d2400000,0x00000000d873f568,0x00000000d9000000)
 Metaspace       used 114794K, capacity 127974K, committed 128280K, reserved 1161216K
  class space    used 13656K, capacity 17373K, committed 17432K, reserved 1048576K
Event: 7108.768 GC heap after
Heap after GC invocations=125 (full 4):
 PSYoungGen      total 228352K, used 11185K [0x00000000f0c00000, 0x00000000ffd80000, 0x0000000100000000)
  eden space 209408K, 0% used [0x00000000f0c00000,0x00000000f0c00000,0x00000000fd880000)
  from space 18944K, 59% used [0x00000000fd880000,0x00000000fe36c400,0x00000000feb00000)
  to   space 18432K, 0% used [0x00000000feb80000,0x00000000feb80000,0x00000000ffd80000)
 ParOldGen       total 110592K, used 102021K [0x00000000d2400000, 0x00000000d9000000, 0x00000000f0c00000)
  object space 110592K, 92% used [0x00000000d2400000,0x00000000d87a1568,0x00000000d9000000)
 Metaspace       used 114794K, capacity 127974K, committed 128280K, reserved 1161216K
  class space    used 13656K, capacity 17373K, committed 17432K, reserved 1048576K
}
Event: 7135.839 GC heap before
{Heap before GC invocations=126 (full 4):
 PSYoungGen      total 228352K, used 220593K [0x00000000f0c00000, 0x00000000ffd80000, 0x0000000100000000)
  eden space 209408K, 100% used [0x00000000f0c00000,0x00000000fd880000,0x00000000fd880000)
  from space 18944K, 59% used [0x00000000fd880000,0x00000000fe36c400,0x00000000feb00000)
  to   space 18432K, 0% used [0x00000000feb80000,0x00000000feb80000,0x00000000ffd80000)
 ParOldGen       total 110592K, used 102021K [0x00000000d2400000, 0x00000000d9000000, 0x00000000f0c00000)
  object space 110592K, 92% used [0x00000000d2400000,0x00000000d87a1568,0x00000000d9000000)
 Metaspace       used 114967K, capacity 128106K, committed 128280K, reserved 1161216K
  class space    used 13662K, capacity 17386K, committed 17432K, reserved 1048576K
Event: 7135.896 GC heap after
Heap after GC invocations=126 (full 4):
 PSYoungGen      total 228864K, used 12858K [0x00000000f0c00000, 0x00000000ffd00000, 0x0000000100000000)
  eden space 210944K, 0% used [0x00000000f0c00000,0x00000000f0c00000,0x00000000fda00000)
  from space 17920K, 71% used [0x00000000feb80000,0x00000000ff80e980,0x00000000ffd00000)
  to   space 17920K, 0% used [0x00000000fda00000,0x00000000fda00000,0x00000000feb80000)
 ParOldGen       total 110592K, used 102245K [0x00000000d2400000, 0x00000000d9000000, 0x00000000f0c00000)
  object space 110592K, 92% used [0x00000000d2400000,0x00000000d87d9568,0x00000000d9000000)
 Metaspace       used 114967K, capacity 128106K, committed 128280K, reserved 1161216K
  class space    used 13662K, capacity 17386K, committed 17432K, reserved 1048576K
}

Deoptimization events (10 events):
Event: 7041.141 Thread 0x000000001656a000 Uncommon trap: reason=bimorphic action=maybe_recompile pc=0x0000000004bb8308 method=java.awt.Component.addNotify()V @ 198
Event: 7041.141 Thread 0x000000001656a000 Uncommon trap: reason=unstable_if action=reinterpret pc=0x0000000005427a68 method=javax.swing.plaf.basic.LazyActionMap.loadIfNecessary()V @ 4
Event: 7041.143 Thread 0x000000001656a000 Uncommon trap: reason=bimorphic action=maybe_recompile pc=0x0000000007e33594 method=java.awt.Container.getMaximumSize()Ljava/awt/Dimension; @ 51
Event: 7041.144 Thread 0x000000001656a000 Uncommon trap: reason=bimorphic action=maybe_recompile pc=0x0000000007e33594 method=java.awt.Container.getMaximumSize()Ljava/awt/Dimension; @ 51
Event: 7124.674 Thread 0x000000001656a000 Uncommon trap: reason=null_check action=make_not_entrant pc=0x0000000005ee3348 method=org.openide.util.lookup.SimpleProxyLookup.checkLookup()Lorg/openide/util/Lookup; @ 116
Event: 7131.790 Thread 0x000000001656a000 Uncommon trap: reason=unstable_if action=reinterpret pc=0x00000000081afd28 method=org.netbeans.modules.editor.lib2.view.ViewBuilder.replaceRepaintViews()V @ 432
Event: 7131.837 Thread 0x0000000029ca0000 Uncommon trap: reason=unstable_if action=reinterpret pc=0x0000000007551450 method=org.netbeans.modules.editor.lib2.view.DocumentView.offsetRepaint(II)V @ 133
Event: 7133.341 Thread 0x000000002609a800 Uncommon trap: reason=unstable_if action=reinterpret pc=0x000000000772e300 method=org.netbeans.modules.cnd.modelimpl.parser.generated.CPPParser.assignment_expression()V @ 116
Event: 7133.599 Thread 0x0000000029c9b800 Uncommon trap: reason=unstable_if action=reinterpret pc=0x00000000086047b8 method=org.netbeans.modules.cnd.modelimpl.parser.generated.CPPParser.shouldProceed()Z @ 6
Event: 7154.553 Thread 0x000000001656a000 Uncommon trap: reason=unstable_if action=reinterpret pc=0x00000000083d3104 method=org.netbeans.lib.editor.util.GapList.set(ILjava/lang/Object;)Ljava/lang/Object; @ 5

Internal exceptions (10 events):
Event: 7129.708 Thread 0x0000000029c9d000 Implicit null exception at 0x0000000008380794 to 0x00000000083809da
Event: 7129.708 Thread 0x0000000029c9d000 Exception <a 'java/lang/NullPointerException'> (0x00000000f9bd53a0) thrown at [C:\re\workspace\8-2-build-windows-amd64-cygwin\jdk8u45\3457\hotspot\src\share\vm\runtime\sharedRuntime.cpp, line 605]
Event: 7129.708 Thread 0x0000000029c9d000 Implicit null exception at 0x0000000008380794 to 0x00000000083809da
Event: 7129.708 Thread 0x0000000029c9d000 Exception <a 'java/lang/NullPointerException'> (0x00000000f9bd7fe0) thrown at [C:\re\workspace\8-2-build-windows-amd64-cygwin\jdk8u45\3457\hotspot\src\share\vm\runtime\sharedRuntime.cpp, line 605]
Event: 7129.708 Thread 0x0000000029c9d000 Implicit null exception at 0x0000000008380794 to 0x00000000083809da
Event: 7129.709 Thread 0x0000000029c9d000 Exception <a 'java/lang/NullPointerException'> (0x00000000f9bdc250) thrown at [C:\re\workspace\8-2-build-windows-amd64-cygwin\jdk8u45\3457\hotspot\src\share\vm\runtime\sharedRuntime.cpp, line 605]
Event: 7129.709 Thread 0x0000000029c9d000 Implicit null exception at 0x0000000008380794 to 0x00000000083809da
Event: 7129.709 Thread 0x0000000029c9d000 Exception <a 'java/lang/NullPointerException'> (0x00000000f9bde9e8) thrown at [C:\re\workspace\8-2-build-windows-amd64-cygwin\jdk8u45\3457\hotspot\src\share\vm\runtime\sharedRuntime.cpp, line 605]
Event: 7129.894 Thread 0x0000000029c94000 Exception <a 'sun/nio/fs/WindowsException'> (0x00000000f9ed3b10) thrown at [C:\re\workspace\8-2-build-windows-amd64-cygwin\jdk8u45\3457\hotspot\src\share\vm\prims\jni.cpp, line 709]
Event: 7136.002 Thread 0x0000000029c9b800 Exception <a 'sun/nio/fs/WindowsException'> (0x00000000f1127d68) thrown at [C:\re\workspace\8-2-build-windows-amd64-cygwin\jdk8u45\3457\hotspot\src\share\vm\prims\jni.cpp, line 709]

Events (10 events):
Event: 7158.192 Executing VM operation: BulkRevokeBias
Event: 7158.193 Executing VM operation: BulkRevokeBias done
Event: 7159.020 Executing VM operation: FindDeadlocks
Event: 7159.021 Executing VM operation: FindDeadlocks done
Event: 7159.588 Executing VM operation: RevokeBias
Event: 7159.589 Executing VM operation: RevokeBias done
Event: 7159.607 Executing VM operation: RevokeBias
Event: 7159.607 Executing VM operation: RevokeBias done
Event: 7159.612 Executing VM operation: RevokeBias
Event: 7159.612 Executing VM operation: RevokeBias done


Dynamic libraries:
0x0000000000400000 - 0x0000000000580000 	C:\Program Files\NetBeans 8.0.2\bin\netbeans64.exe
0x00007fff9e7c0000 - 0x00007fff9e96c000 	C:\WINDOWS\SYSTEM32\ntdll.dll
0x00007fff9c7b0000 - 0x00007fff9c8ee000 	C:\WINDOWS\system32\KERNEL32.DLL
0x00007fff9bc70000 - 0x00007fff9bd85000 	C:\WINDOWS\system32\KERNELBASE.dll
0x00007fff9c960000 - 0x00007fff9ca0a000 	C:\WINDOWS\system32\ADVAPI32.dll
0x00007fff9c290000 - 0x00007fff9c33a000 	C:\WINDOWS\system32\msvcrt.dll
0x00007fff9d2a0000 - 0x00007fff9e7b8000 	C:\WINDOWS\system32\SHELL32.dll
0x00007fff9c340000 - 0x00007fff9c4b7000 	C:\WINDOWS\system32\USER32.dll
0x00007fff9c900000 - 0x00007fff9c959000 	C:\WINDOWS\SYSTEM32\sechost.dll
0x00007fff9d020000 - 0x00007fff9d161000 	C:\WINDOWS\system32\RPCRT4.dll
0x00007fff9cdf0000 - 0x00007fff9d001000 	C:\WINDOWS\SYSTEM32\combase.dll
0x00007fff9d170000 - 0x00007fff9d1c4000 	C:\WINDOWS\system32\SHLWAPI.dll
0x00007fff9cae0000 - 0x00007fff9cc31000 	C:\WINDOWS\system32\GDI32.dll
0x00007fff9c4c0000 - 0x00007fff9c4f6000 	C:\WINDOWS\system32\IMM32.DLL
0x00007fff9c500000 - 0x00007fff9c652000 	C:\WINDOWS\system32\MSCTF.dll
0x00007fff99e60000 - 0x00007fff99f12000 	C:\WINDOWS\SYSTEM32\SHCORE.dll
0x000000006a2a0000 - 0x000000006a3f4000 	C:\Program Files\NetBeans 8.0.2\platform\lib\nbexec64.dll
0x0000000068a40000 - 0x00000000692c3000 	C:\Program Files\Java\jdk1.8.0_45\jre\bin\server\jvm.dll
0x00007fff951c0000 - 0x00007fff951c9000 	C:\WINDOWS\SYSTEM32\WSOCK32.dll
0x00007fff94dd0000 - 0x00007fff94df2000 	C:\WINDOWS\SYSTEM32\WINMM.dll
0x00007fff99660000 - 0x00007fff9966a000 	C:\WINDOWS\SYSTEM32\VERSION.dll
0x00007fff9ca10000 - 0x00007fff9ca17000 	C:\WINDOWS\system32\PSAPI.DLL
0x000000006a980000 - 0x000000006aa52000 	C:\Program Files\Java\jdk1.8.0_45\jre\bin\MSVCR100.dll
0x00007fff9c750000 - 0x00007fff9c7aa000 	C:\WINDOWS\system32\WS2_32.dll
0x00007fff934c0000 - 0x00007fff934ea000 	C:\WINDOWS\SYSTEM32\WINMMBASE.dll
0x00007fff9d010000 - 0x00007fff9d019000 	C:\WINDOWS\system32\NSI.dll
0x00007fff9bbc0000 - 0x00007fff9bc0f000 	C:\WINDOWS\SYSTEM32\cfgmgr32.dll
0x00007fff9a700000 - 0x00007fff9a728000 	C:\WINDOWS\SYSTEM32\DEVOBJ.dll
0x000000006a770000 - 0x000000006a7a9000 	C:\Program Files\Java\jdk1.8.0_45\jre\bin\splashscreen.dll
0x000000006a970000 - 0x000000006a97f000 	C:\Program Files\Java\jdk1.8.0_45\jre\bin\verify.dll
0x000000006a270000 - 0x000000006a299000 	C:\Program Files\Java\jdk1.8.0_45\jre\bin\java.dll
0x000000006a950000 - 0x000000006a966000 	C:\Program Files\Java\jdk1.8.0_45\jre\bin\zip.dll
0x00007fff9b910000 - 0x00007fff9b925000 	C:\WINDOWS\SYSTEM32\profapi.dll
0x000000006a250000 - 0x000000006a26a000 	C:\Program Files\Java\jdk1.8.0_45\jre\bin\net.dll
0x00007fff9b1d0000 - 0x00007fff9b229000 	C:\WINDOWS\system32\mswsock.dll
0x000000006a230000 - 0x000000006a241000 	C:\Program Files\Java\jdk1.8.0_45\jre\bin\nio.dll
0x00007fff96f10000 - 0x00007fff96f3a000 	C:\WINDOWS\SYSTEM32\IPHLPAPI.DLL
0x00007fff974d0000 - 0x00007fff974da000 	C:\WINDOWS\SYSTEM32\WINNSI.DLL
0x00007fff96820000 - 0x00007fff96836000 	C:\WINDOWS\SYSTEM32\dhcpcsvc6.DLL
0x00007fff96800000 - 0x00007fff9681a000 	C:\WINDOWS\SYSTEM32\dhcpcsvc.DLL
0x000000006a090000 - 0x000000006a228000 	C:\Program Files\Java\jdk1.8.0_45\jre\bin\awt.dll
0x00007fff9c680000 - 0x00007fff9c741000 	C:\WINDOWS\system32\OLEAUT32.dll
0x00007fff9a490000 - 0x00007fff9a51e000 	C:\WINDOWS\system32\apphelp.dll
0x00007fff9b350000 - 0x00007fff9b370000 	C:\WINDOWS\SYSTEM32\CRYPTSP.dll
0x00007fff9ada0000 - 0x00007fff9add6000 	C:\WINDOWS\system32\rsaenh.dll
0x00007fff9b4a0000 - 0x00007fff9b4c6000 	C:\WINDOWS\SYSTEM32\bcrypt.dll
0x00007fff9af40000 - 0x00007fff9af61000 	C:\WINDOWS\SYSTEM32\USERENV.dll
0x00007fff9b7e0000 - 0x00007fff9b843000 	C:\WINDOWS\system32\bcryptprimitives.dll
0x00007fff9b850000 - 0x00007fff9b85b000 	C:\WINDOWS\SYSTEM32\CRYPTBASE.dll
0x00007fff99c60000 - 0x00007fff99c81000 	C:\WINDOWS\system32\DWMAPI.DLL
0x00007fff9a570000 - 0x00007fff9a699000 	C:\WINDOWS\system32\uxtheme.dll
0x00007fff91450000 - 0x00007fff91465000 	C:\WINDOWS\system32\napinsp.dll
0x00007fff91470000 - 0x00007fff9148a000 	C:\WINDOWS\system32\pnrpnsp.dll
0x00007fff975f0000 - 0x00007fff9760b000 	C:\WINDOWS\system32\NLAapi.dll
0x00007fff9af70000 - 0x00007fff9b014000 	C:\WINDOWS\SYSTEM32\DNSAPI.dll
0x00007fff91490000 - 0x00007fff9149d000 	C:\WINDOWS\System32\winrnr.dll
0x00007fff91a30000 - 0x00007fff91a3a000 	C:\Windows\System32\rasadhlp.dll
0x00007fff961f0000 - 0x00007fff9625b000 	C:\WINDOWS\System32\fwpuclnt.dll
0x00007fff993b0000 - 0x00007fff9962a000 	C:\WINDOWS\WinSxS\amd64_microsoft.windows.common-controls_6595b64144ccf1df_6.0.9600.17810_none_6240b9c7ecbd0bda\COMCTL32.dll
0x00007fff9c0e0000 - 0x00007fff9c274000 	C:\WINDOWS\system32\ole32.dll
0x00007fff9a750000 - 0x00007fff9a75b000 	C:\WINDOWS\SYSTEM32\kernel.appcore.dll
0x000000006a040000 - 0x000000006a087000 	C:\Program Files\Java\jdk1.8.0_45\jre\bin\fontmanager.dll
0x0000000069ff0000 - 0x000000006a031000 	C:\Program Files\Java\jdk1.8.0_45\jre\bin\t2k.dll
0x0000000180000000 - 0x0000000180038000 	C:\Program Files\NetBeans 8.0.2\platform\modules\lib\amd64\jnidispatch-410.dll
0x0000000069fe0000 - 0x0000000069fed000 	C:\Program Files\Java\jdk1.8.0_45\jre\bin\management.dll
0x00007fff94790000 - 0x00007fff94859000 	C:\WINDOWS\SYSTEM32\winhttp.dll
0x00007fff882c0000 - 0x00007fff88364000 	C:\WINDOWS\WinSxS\amd64_microsoft.windows.common-controls_6595b64144ccf1df_5.82.9600.17810_none_34ae2abd958aedeb\comctl32.dll
0x00007fff9c020000 - 0x00007fff9c0d6000 	C:\WINDOWS\SYSTEM32\clbcatq.dll
0x00007fff97f00000 - 0x00007fff980ae000 	C:\WINDOWS\SYSTEM32\WindowsCodecs.dll
0x0000000069fb0000 - 0x0000000069fda000 	C:\Program Files\Java\jdk1.8.0_45\jre\bin\dcpr.dll
0x00007fff9be40000 - 0x00007fff9c01a000 	C:\WINDOWS\system32\SETUPAPI.dll
0x00007fff97880000 - 0x00007fff979ff000 	C:\WINDOWS\system32\propsys.dll
0x00007fff8bc80000 - 0x00007fff8be1d000 	C:\WINDOWS\system32\NetworkExplorer.dll
0x00007fff951a0000 - 0x00007fff951be000 	C:\WINDOWS\SYSTEM32\MPR.dll
0x00007fff912a0000 - 0x00007fff912ab000 	C:\WINDOWS\System32\drprov.dll
0x00007fff9ab20000 - 0x00007fff9ab7a000 	C:\WINDOWS\System32\WINSTA.dll
0x00007fff8ec10000 - 0x00007fff8ec27000 	C:\WINDOWS\System32\ntlanman.dll
0x00007fff8ebf0000 - 0x00007fff8ec0f000 	C:\WINDOWS\System32\davclnt.dll
0x00007fff962b0000 - 0x00007fff962bc000 	C:\WINDOWS\System32\DAVHLPR.dll
0x00007fff97500000 - 0x00007fff97517000 	C:\WINDOWS\System32\wkscli.dll
0x00007fff90e70000 - 0x00007fff90e82000 	C:\WINDOWS\SYSTEM32\cscapi.dll
0x00007fff9af10000 - 0x00007fff9af1c000 	C:\WINDOWS\System32\netutils.dll
0x000000006ae00000 - 0x000000006b08b000 	C:\Program Files (x86)\Norton 360\Engine64\21.7.0.11\buShell.dll
0x00007fff94ad0000 - 0x00007fff94c80000 	C:\WINDOWS\WinSxS\amd64_microsoft.windows.gdiplus_6595b64144ccf1df_1.1.9600.17415_none_932b3b5547500489\gdiplus.dll
0x0000000069f10000 - 0x0000000069fa8000 	C:\Program Files (x86)\Norton 360\Engine64\21.7.0.11\MSVCP100.dll
0x000000006acf0000 - 0x000000006adf6000 	C:\Program Files (x86)\Norton 360\Engine64\21.7.0.11\ccL120U.dll
0x000000006abd0000 - 0x000000006abf1000 	C:\Program Files (x86)\Norton 360\Engine64\21.7.0.11\ccVrTrst.dll
0x000000006acd0000 - 0x000000006acef000 	C:\Program Files (x86)\Norton 360\Engine64\21.7.0.11\EFACli64.dll
0x000000006ab10000 - 0x000000006ab4d000 	C:\Program Files (x86)\Norton 360\Engine64\21.7.0.11\ccIPC.dll
0x000000006aa60000 - 0x000000006ab07000 	C:\Program Files (x86)\Norton 360\Engine64\21.7.0.11\buComm.dll
0x000000006a400000 - 0x000000006a5b7000 	C:\Program Files (x86)\Norton 360\Engine64\21.7.0.11\BuEng.dll
0x00007fff95380000 - 0x00007fff955da000 	C:\WINDOWS\SYSTEM32\WININET.dll
0x00007fff9b9e0000 - 0x00007fff9bbbf000 	C:\WINDOWS\system32\CRYPT32.dll
0x00007fff955e0000 - 0x00007fff958a7000 	C:\WINDOWS\SYSTEM32\iertutil.dll
0x00007fff9b9c0000 - 0x00007fff9b9d1000 	C:\WINDOWS\system32\MSASN1.dll
0x00007fff7b790000 - 0x00007fff7b80b000 	C:\Windows\System32\dlnashext.dll
0x00007fff92bd0000 - 0x00007fff92bee000 	C:\Windows\System32\DevDispItemProvider.dll
0x00007fff86a90000 - 0x00007fff86c8d000 	C:\WINDOWS\system32\wpdshext.dll
0x00007fff910b0000 - 0x00007fff91164000 	C:\Windows\System32\PortableDeviceApi.dll
0x00007fff9bc10000 - 0x00007fff9bc61000 	C:\WINDOWS\system32\WINTRUST.dll
0x00007fff8fc60000 - 0x00007fff8fc9a000 	C:\Windows\System32\PortableDeviceTypes.dll
0x00007fff90900000 - 0x00007fff90937000 	C:\Windows\System32\EhStorShell.dll
0x00007fff928c0000 - 0x00007fff928e6000 	C:\Windows\System32\EhStorAPI.dll
0x00007fff9a520000 - 0x00007fff9a532000 	C:\Windows\System32\WTSAPI32.dll
0x00007fff8d430000 - 0x00007fff8d43d000 	C:\WINDOWS\SYSTEM32\LINKINFO.dll
0x00007fff97ac0000 - 0x00007fff97b42000 	C:\WINDOWS\system32\DeviceCenter.dll
0x00007fff99c90000 - 0x00007fff99e51000 	C:\WINDOWS\system32\DUI70.dll
0x00007fff98270000 - 0x00007fff9829e000 	C:\Windows\System32\thumbcache.dll
0x00007fff9b7b0000 - 0x00007fff9b7de000 	C:\WINDOWS\SYSTEM32\SspiCli.dll
0x00007fff96d60000 - 0x00007fff96d77000 	C:\WINDOWS\SYSTEM32\samcli.dll
0x00007fff96ef0000 - 0x00007fff96f0f000 	C:\WINDOWS\SYSTEM32\SAMLIB.dll
0x00007fff8d580000 - 0x00007fff8d6ab000 	C:\WINDOWS\SYSTEM32\OPENGL32.DLL
0x00007fff985a0000 - 0x00007fff985ce000 	C:\WINDOWS\SYSTEM32\GLU32.dll
0x00007fff8bb80000 - 0x00007fff8bc78000 	C:\WINDOWS\SYSTEM32\DDRAW.dll
0x00007fff99b80000 - 0x00007fff99b89000 	C:\WINDOWS\SYSTEM32\DCIMAN32.dll
0x00007fff97070000 - 0x00007fff97088000 	C:\WINDOWS\SYSTEM32\atig6pxx.dll
0x0000000067090000 - 0x0000000068a31000 	C:\WINDOWS\SYSTEM32\atio6axx.dll
0x00007fff980b0000 - 0x00007fff981d8000 	C:\WINDOWS\SYSTEM32\atiadlxx.dll
0x00007fff99670000 - 0x00007fff997b4000 	C:\WINDOWS\SYSTEM32\aticfx64.dll
0x00007fff92f70000 - 0x00007fff92f8e000 	C:\WINDOWS\SYSTEM32\atig6txx.dll
0x00007fff94880000 - 0x00007fff94a09000 	C:\WINDOWS\SYSTEM32\dbghelp.dll

VM Arguments:
jvm_args: -Dnetbeans.importclass=org.netbeans.upgrade.AutoUpgrade -Dnetbeans.accept_license_class=org.netbeans.license.AcceptLicense -client -Xss2m -Xms32m -XX:PermSize=32m -Dapple.laf.useScreenMenuBar=true -Dapple.awt.graphics.UseQuartz=true -Dsun.java2d.noddraw=true -Dsun.java2d.dpiaware=true -Dsun.zip.disableMemoryMapping=true -Xmx731m -Djdk.home=C:\Program Files\Java\jdk1.8.0_45 -Dnetbeans.home=C:\Program Files\NetBeans 8.0.2\platform -Dnetbeans.user=C:\Users\Ward Family\AppData\Roaming\NetBeans\8.0.2 -Dnetbeans.default_userdir_root=C:\Users\Ward Family\AppData\Roaming\NetBeans -XX:+HeapDumpOnOutOfMemoryError -XX:HeapDumpPath=C:\Users\Ward Family\AppData\Roaming\NetBeans\8.0.2\var\log\heapdump.hprof -Dsun.awt.keepWorkingSetOnMinimize=true -Dnetbeans.dirs=C:\Program Files\NetBeans 8.0.2\nb;C:\Program Files\NetBeans 8.0.2\ergonomics;C:\Program Files\NetBeans 8.0.2\ide;C:\Program Files\NetBeans 8.0.2\extide;C:\Program Files\NetBeans 8.0.2\java;C:\Program Files\NetBeans 8.0.2\apisupport;C:\Program Files\NetBeans 8.0.2\webcommon;C:\Program Files\NetBeans 8.0.2\websvccommon;C:\Program Files\NetBeans 8.0.2\enterprise;C:\Program Files\NetBeans 8.0.2\mobility;C:\Program Files\NetBeans 8.0.2\profiler;C:\Program Files\NetBeans 8.0.2\python;C:\Program Files\NetBeans 8.0.2\php;C:\Program Files\NetBeans 8.0.2\identity;C:\Program Files\NetBeans 8.0.2\harness;C:\Program Files\NetBeans 8.0.2\cnd;C:\Program Files\NetBeans 8.0.2\dlight;C:\Program Files\NetBeans 8.0.2\groovy;C:\Program Files\NetBeans 8.0.2\extra;C:\Program Files\NetBeans 8.0.2\javacard;C:\Program Files\NetBeans 8.0.2\javafx exit 
java_command: <unknown>
java_class_path (initial): C:\Program Files\NetBeans 8.0.2\platform\lib\boot.jar;C:\Program Files\NetBeans 8.0.2\platform\lib\org-openide-modules.jar;C:\Program Files\NetBeans 8.0.2\platform\lib\org-openide-util-lookup.jar;C:\Program Files\NetBeans 8.0.2\platform\lib\org-openide-util.jar;C:\Program Files\NetBeans 8.0.2\platform\lib\locale\boot_ja.jar;C:\Program Files\NetBeans 8.0.2\platform\lib\locale\boot_pt_BR.jar;C:\Program Files\NetBeans 8.0.2\platform\lib\locale\boot_ru.jar;C:\Program Files\NetBeans 8.0.2\platform\lib\locale\boot_zh_CN.jar;C:\Program Files\NetBeans 8.0.2\platform\lib\locale\org-openide-modules_ja.jar;C:\Program Files\NetBeans 8.0.2\platform\lib\locale\org-openide-modules_pt_BR.jar;C:\Program Files\NetBeans 8.0.2\platform\lib\locale\org-openide-modules_ru.jar;C:\Program Files\NetBeans 8.0.2\platform\lib\locale\org-openide-modules_zh_CN.jar;C:\Program Files\NetBeans 8.0.2\platform\lib\locale\org-openide-util-lookup_ja.jar;C:\Program Files\NetBeans 8.0.2\platform\lib\locale\org-openide-util-lookup_pt_BR.jar;C:\Program Files\NetBeans 8.0.2\platform\lib\locale\org-openide-util-lookup_ru.jar;C:\Program Files\NetBeans 8.0.2\platform\lib\locale\org-openide-util-lookup_zh_CN.jar;C:\Program Files\NetBeans 8.0.2\platform\lib\locale\org-openide-util_ja.jar;C:\Program Files\NetBeans 8.0.2\platform\lib\locale\org-openide-util_pt_BR.jar;C:\Program Files\NetBeans 8.0.2\platform\lib\locale\org-openide-util_ru.jar;C:\Program Files\NetBeans 8.0.2\platform\lib\locale\org-openide-util_zh_CN.jar;C:\Program Files\Java\jdk1.8.0_45\lib\dt.jar;C:\Program Files\Java\jdk1.8.0_45\lib\tools.jar
Launcher Type: generic

Environment Variables:
PATH=C:\ProgramData\Oracle\Java\javapath;C:\Program Files (x86)\AMD APP\bin\x86_64;C:\Program Files (x86)\AMD APP\bin\x86;C:\WINDOWS\system32;C:\WINDOWS;C:\WINDOWS\System32\Wbem;C:\WINDOWS\System32\WindowsPowerShell\v1.0\;C:\Program Files (x86)\ATI Technologies\ATI.ACE\Core-Static;C:\cygwin
USERNAME=Ward Family
OS=Windows_NT
PROCESSOR_IDENTIFIER=AMD64 Family 20 Model 2 Stepping 0, AuthenticAMD



---------------  S Y S T E M  ---------------

OS: Windows 8.1 , 64 bit Build 9600 (6.3.9600.17415)

CPU:total 2 (2 cores per cpu, 1 threads per core) family 20 model 2 stepping 0, cmov, cx8, fxsr, mmx, sse, sse2, sse3, ssse3, popcnt, mmxext, lzcnt, sse4a, tsc, tscinvbit, tscinv

Memory: 4k page, physical 3746716k(1045576k free), swap 5516188k(2370320k free)

vm_info: Java HotSpot(TM) 64-Bit Server VM (25.45-b02) for windows-amd64 JRE (1.8.0_45-b14), built on Apr 10 2015 10:34:15 by "java_re" with MS VC++ 10.0 (VS2010)

time: Wed Jul 08 01:06:45 2015
elapsed time: 7159 seconds (0d 1h 59m 19s)

